<?xml version="1.0" encoding="UTF-8"?>
<!-- Generated by org.testng.reporters.JUnitReportReporter -->
<testsuite name="com.app.tests.APIday3_GSON" tests="2" time="5.245" ignored="0" failures="0" timestamp="21 Apr 2018 21:13:27 GMT" skipped="0" hostname="MSI" errors="0">
  <testcase name="testWithJsonToHashMap" time="0.883" classname="com.app.tests.APIday3_GSON"/>
  <testcase name="convertJsonToListOfMaps" time="4.362" classname="com.app.tests.APIday3_GSON"/>
</testsuite> <!-- com.app.tests.APIday3_GSON -->
