<?xml version="1.0" encoding="UTF-8"?>
<!-- Generated by org.testng.reporters.JUnitReportReporter -->
<testsuite name="com.app.tests.APIday4Recap" tests="1" time="5.085" ignored="5" failures="0" timestamp="01 May 2018 04:01:38 GMT" skipped="0" hostname="MSI" errors="0">
  <testcase name="postNewReion" time="5.085" classname="com.app.tests.APIday4Recap"/>
  <testcase name="warmUpV2" classname="com.app.tests.APIday4Recap">
    <skipped/>
  </testcase> <!-- warmUpV2 -->
  <testcase name="version4" classname="com.app.tests.APIday4Recap">
    <skipped/>
  </testcase> <!-- version4 -->
  <testcase name="warmupTask" classname="com.app.tests.APIday4Recap">
    <skipped/>
  </testcase> <!-- warmupTask -->
  <testcase name="warmup" classname="com.app.tests.APIday4Recap">
    <skipped/>
  </testcase> <!-- warmup -->
  <testcase name="version3" classname="com.app.tests.APIday4Recap">
    <skipped/>
  </testcase> <!-- version3 -->
</testsuite> <!-- com.app.tests.APIday4Recap -->
