<?xml version="1.0" encoding="UTF-8"?>
<!-- Generated by org.testng.reporters.JUnitReportReporter -->
<testsuite name="com.app.tests.APIday3JsonPath" tests="1" time="5.307" ignored="13" failures="0" timestamp="01 May 2018 02:51:16 GMT" skipped="0" hostname="MSI" errors="0">
  <testcase name="test2" time="5.307" classname="com.app.tests.APIday3JsonPath"/>
  <testcase name="reTest" classname="com.app.tests.APIday3JsonPath">
    <skipped/>
  </testcase> <!-- reTest -->
  <testcase name="testJsonPathList" classname="com.app.tests.APIday3JsonPath">
    <skipped/>
  </testcase> <!-- testJsonPathList -->
  <testcase name="veTest" classname="com.app.tests.APIday3JsonPath">
    <skipped/>
  </testcase> <!-- veTest -->
  <testcase name="anotherTest" classname="com.app.tests.APIday3JsonPath">
    <skipped/>
  </testcase> <!-- anotherTest -->
  <testcase name="test1" classname="com.app.tests.APIday3JsonPath">
    <skipped/>
  </testcase> <!-- test1 -->
  <testcase name="testItemsCountFromResponseBody" classname="com.app.tests.APIday3JsonPath">
    <skipped/>
  </testcase> <!-- testItemsCountFromResponseBody -->
  <testcase name="testWithQueryParamater" classname="com.app.tests.APIday3JsonPath">
    <skipped/>
  </testcase> <!-- testWithQueryParamater -->
  <testcase name="testWithJsonPath" classname="com.app.tests.APIday3JsonPath">
    <skipped/>
  </testcase> <!-- testWithJsonPath -->
  <testcase name="testWithQueryParameterAndList" classname="com.app.tests.APIday3JsonPath">
    <skipped/>
  </testcase> <!-- testWithQueryParameterAndList -->
  <testcase name="test" classname="com.app.tests.APIday3JsonPath">
    <skipped/>
  </testcase> <!-- test -->
  <testcase name="anTest" classname="com.app.tests.APIday3JsonPath">
    <skipped/>
  </testcase> <!-- anTest -->
  <testcase name="testJsonPath" classname="com.app.tests.APIday3JsonPath">
    <skipped/>
  </testcase> <!-- testJsonPath -->
  <testcase name="testJsonPathWithLists" classname="com.app.tests.APIday3JsonPath">
    <skipped/>
  </testcase> <!-- testJsonPathWithLists -->
</testsuite> <!-- com.app.tests.APIday3JsonPath -->
