<?xml version="1.0" encoding="UTF-8"?>
<!-- Generated by org.testng.reporters.JUnitReportReporter -->
<testsuite name="com.app.tests.EmployeesDBTest" tests="2" time="0.360" ignored="0" failures="0" timestamp="14 Apr 2018 22:00:19 GMT" skipped="0" hostname="MSI" errors="0">
  <testcase name="nameTestById" time="0.172" classname="com.app.tests.EmployeesDBTest"/>
  <testcase name="countTest" time="0.188" classname="com.app.tests.EmployeesDBTest"/>
</testsuite> <!-- com.app.tests.EmployeesDBTest -->
