<?xml version="1.0" encoding="UTF-8"?>
<!-- Generated by org.testng.reporters.JUnitReportReporter -->
<testsuite name="com.app.runners.CukesRunner" tests="1" time="42.788" ignored="0" failures="0" timestamp="21 Mar 2018 21:43:59 GMT" skipped="0" hostname="MSI" errors="0">
  <testcase name="runScenario" time="42.788" classname="com.app.runners.CukesRunner"/>
</testsuite> <!-- com.app.runners.CukesRunner -->
