<?xml version="1.0" encoding="UTF-8"?>
<!-- Generated by org.testng.reporters.JUnitReportReporter -->
<testsuite name="com.app.tests.test1" tests="1" time="0.031" ignored="0" failures="0" timestamp="27 Apr 2018 22:06:00 GMT" skipped="0" hostname="MSI" errors="0">
  <testcase name="teset" time="0.031" classname="com.app.tests.test1"/>
</testsuite> <!-- com.app.tests.test1 -->
