<?xml version="1.0" encoding="UTF-8"?>
<!-- Generated by org.testng.reporters.JUnitReportReporter -->
<testsuite name="com.app.tests.JDBCConnectionRECAP" tests="1" time="1.685" ignored="1" failures="0" timestamp="29 Apr 2018 00:40:15 GMT" skipped="0" hostname="MSI" errors="0">
  <testcase name="recap" time="1.685" classname="com.app.tests.JDBCConnectionRECAP"/>
  <testcase name="dbConRecap" classname="com.app.tests.JDBCConnectionRECAP">
    <skipped/>
  </testcase> <!-- dbConRecap -->
</testsuite> <!-- com.app.tests.JDBCConnectionRECAP -->
