<?xml version="1.0" encoding="UTF-8"?>
<!-- Generated by org.testng.reporters.JUnitReportReporter -->
<testsuite name="com.app.tests.JDBCRecap" tests="1" time="0.996" ignored="0" failures="0" timestamp="29 Apr 2018 04:29:17 GMT" skipped="0" hostname="MSI" errors="0">
  <testcase name="recapConnection" time="0.996" classname="com.app.tests.JDBCRecap"/>
</testsuite> <!-- com.app.tests.JDBCRecap -->
