<?xml version="1.0" encoding="UTF-8"?>
<!-- Generated by org.testng.reporters.JUnitReportReporter -->
<testsuite name="com.app.tests.JDBCConnection" tests="1" time="1.603" ignored="1" failures="0" timestamp="28 Apr 2018 23:20:54 GMT" skipped="0" hostname="MSI" errors="0">
  <testcase name="jdbcMetadata" time="1.603" classname="com.app.tests.JDBCConnection"/>
  <testcase name="oracleJDBC" classname="com.app.tests.JDBCConnection">
    <skipped/>
  </testcase> <!-- oracleJDBC -->
</testsuite> <!-- com.app.tests.JDBCConnection -->
