<?xml version="1.0" encoding="UTF-8"?>
<!-- Generated by org.testng.reporters.JUnitReportReporter -->
<testsuite name="com.app.runners.CukesRunner" tests="1" time="0.037" ignored="0" failures="0" timestamp="01 Apr 2018 02:49:28 GMT" skipped="0" hostname="MSI" errors="0">
  <testcase name="runScenario" time="0.037" classname="com.app.runners.CukesRunner"/>
</testsuite> <!-- com.app.runners.CukesRunner -->
