<?xml version="1.0" encoding="UTF-8"?>
<!-- Generated by org.testng.reporters.JUnitReportReporter -->
<testsuite name="com.app.runners.CukesRunnerData" tests="1" time="1.472" ignored="0" failures="0" timestamp="31 May 2018 21:17:13 GMT" skipped="0" hostname="MSI" errors="0">
  <testcase name="runScenario" time="1.472" classname="com.app.runners.CukesRunnerData"/>
</testsuite> <!-- com.app.runners.CukesRunnerData -->
