<?xml version="1.0" encoding="UTF-8"?>
<!-- Generated by org.testng.reporters.JUnitReportReporter -->
<testsuite name="com.app.tests.APIDAY4RECAPPING" tests="2" time="17.235" ignored="0" failures="1" timestamp="09 May 2018 16:36:48 GMT" skipped="0" hostname="MSI" errors="1">
  <testcase name="warmUpTask" time="2.022" classname="com.app.tests.APIDAY4RECAPPING">
    <failure type="java.lang.AssertionError" message="null">
      <![CDATA[java.lang.AssertionError: null
	at org.testng.Assert.fail(Assert.java:94)
	at org.testng.Assert.fail(Assert.java:101)
	at com.app.tests.APIDAY4RECAPPING.warmUpTask(APIDAY4RECAPPING.java:52)
	at sun.reflect.NativeMethodAccessorImpl.invoke0(Native Method)
	at sun.reflect.NativeMethodAccessorImpl.invoke(NativeMethodAccessorImpl.java:62)
	at sun.reflect.DelegatingMethodAccessorImpl.invoke(DelegatingMethodAccessorImpl.java:43)
	at java.lang.reflect.Method.invoke(Method.java:498)
	at org.testng.internal.MethodInvocationHelper.invokeMethod(MethodInvocationHelper.java:104)
	at org.testng.internal.Invoker.invokeMethod(Invoker.java:645)
	at org.testng.internal.Invoker.invokeTestMethod(Invoker.java:851)
	at org.testng.internal.Invoker.invokeTestMethods(Invoker.java:1177)
	at org.testng.internal.TestMethodWorker.invokeTestMethods(TestMethodWorker.java:129)
	at org.testng.internal.TestMethodWorker.run(TestMethodWorker.java:112)
	at org.testng.TestRunner.privateRun(TestRunner.java:756)
	at org.testng.TestRunner.run(TestRunner.java:610)
	at org.testng.SuiteRunner.runTest(SuiteRunner.java:387)
	at org.testng.SuiteRunner.runSequentially(SuiteRunner.java:382)
	at org.testng.SuiteRunner.privateRun(SuiteRunner.java:340)
	at org.testng.SuiteRunner.run(SuiteRunner.java:289)
	at org.testng.SuiteRunnerWorker.runSuite(SuiteRunnerWorker.java:52)
	at org.testng.SuiteRunnerWorker.run(SuiteRunnerWorker.java:86)
	at org.testng.TestNG.runSuitesSequentially(TestNG.java:1293)
	at org.testng.TestNG.runSuitesLocally(TestNG.java:1218)
	at org.testng.TestNG.runSuites(TestNG.java:1133)
	at org.testng.TestNG.run(TestNG.java:1104)
	at org.testng.remote.AbstractRemoteTestNG.run(AbstractRemoteTestNG.java:114)
	at org.testng.remote.RemoteTestNG.initAndRun(RemoteTestNG.java:251)
	at org.testng.remote.RemoteTestNG.main(RemoteTestNG.java:77)
]]>
    </failure>
  </testcase> <!-- warmUpTask -->
  <testcase name="rep" time="15.213" classname="com.app.tests.APIDAY4RECAPPING">
    <error type="com.fasterxml.jackson.databind.exc.UnrecognizedPropertyException" message="Unrecognized field &quot;items&quot; (class com.app.stepDefs.api.RestAPIPost), not marked as ignorable (0 known properties: ])
 at [Source: {&quot;items&quot;:[{&quot;region_id&quot;:11111,&quot;region_name&quot;:&quot;NOT Murodil&#039;s Region&quot;,&quot;links&quot;:[{&quot;rel&quot;:&quot;self&quot;,&quot;href&quot;:&quot;http://34.223.219.142:1212/ords/hr/regions/11111&quot;}]},{&quot;region_id&quot;:111111,&quot;region_name&quot;:&quot;NOT Murodil&#039;s Region&quot;,&quot;links&quot;:[{&quot;rel&quot;:&quot;self&quot;,&quot;href&quot;:&quot;http://34.223.219.142:1212/ords/hr/regions/111111&quot;}]},{&quot;region_id&quot;:101,&quot;region_name&quot;:&quot;NOT Murodil&#039;s Region&quot;,&quot;links&quot;:[{&quot;rel&quot;:&quot;self&quot;,&quot;href&quot;:&quot;http://34.223.219.142:1212/ords/hr/regions/101&quot;}]},{&quot;region_id&quot;:214899,&quot;region_name&quot;:&quot;NOT Murodil&#039;s Region&quot;,&quot;links&quot;:[{&quot;rel&quot;:&quot;self&quot;,&quot;href&quot;:&quot;http://34.223.219.142:1212/ords/hr/regions/214899&quot;}]},{&quot;region_id&quot;:349,&quot;region_name&quot;:&quot;NOT Murodil&#039;s Region&quot;,&quot;links&quot;:[{&quot;rel&quot;:&quot;self&quot;,&quot;href&quot;:&quot;http://34.223.219.142:1212/ords/hr/regions/349&quot;}]},{&quot;region_id&quot;:1111,&quot;region_name&quot;:&quot;NOT Murodil&#039;s Region&quot;,&quot;links&quot;:[{&quot;rel&quot;:&quot;self&quot;,&quot;href&quot;:&quot;http://34.223.219.142:1212/ords/hr/regions/1111&quot;}]},{&quot;region_id&quot;:61,&quot;region_name&quot;:&quot;NOT Murodil&#039;s Region&quot;,&quot;links&quot;:[{&quot;rel&quot;:&quot;self&quot;,&quot;href&quot;:&quot;http://34.223.219.142:1212/ords/hr/regions/61&quot;}]},{&quot;region_id&quot;:1555,&quot;region_name&quot;:&quot;NOT Murodil&#039;s Region&quot;,&quot;links&quot;:[{&quot;rel&quot;:&quot;self&quot;,&quot;href&quot;:&quot;http://34.223.219.142:1212/ords/hr/regions/1555&quot;}]},{&quot;region_id&quot;:4023,&quot;region_name&quot;:&quot;NOT Murodil&#039;s Region&quot;,&quot;links&quot;:[{&quot;rel&quot;:&quot;self&quot;,&quot;href&quot;:&quot;http://34.223.219.142:1212/ords/hr/regions/4023&quot;}]},{&quot;region_id&quot;:1110,&quot;region_name&quot;:&quot;NOT Murodil&#039;s Region&quot;,&quot;links&quot;:[{&quot;rel&quot;:&quot;self&quot;,&quot;href&quot;:&quot;http://34.223.219.142:1212/ords/hr/regions/1110&quot;}]},{&quot;region_id&quot;:2301,&quot;region_name&quot;:&quot;NOT Murodil&#039;s Region&quot;,&quot;links&quot;:[{&quot;rel&quot;:&quot;self&quot;,&quot;href&quot;:&quot;http://34.223.219.142:1212/ords/hr/regions/2301&quot;}]},{&quot;region_id&quot;:25642,&quot;region_name&quot;:&quot;NOT Murodil&#039;s Region&quot;,&quot;links&quot;:[{&quot;rel&quot;:&quot;self&quot;,&quot;href&quot;:&quot;http://34.223.219.142:1212/ords/hr/regions/25642&quot;}]},{&quot;region_id&quot;:232323,&quot;region_name&quot;:&quot;NOT Murodil&#039;s Region&quot;,&quot;links&quot;:[{&quot;rel&quot;:&quot;self&quot;,&quot;href&quot;:&quot;http://34.223.219.142:1212/ords/hr/regions/232323&quot;}]},{&quot;region_id&quot;:55153,&quot;region_name&quot;:&quot;NOT Murodil&#039;s Region&quot;,&quot;links&quot;:[{&quot;rel&quot;:&quot;self&quot;,&quot;href&quot;:&quot;http://34.223.219.142:1212/ords/hr/regions/55153&quot;}]},{&quot;region_id&quot;:11123,&quot;region_name&quot;:&quot;NOT Murodil&#039;s Region&quot;,&quot;links&quot;:[{&quot;rel&quot;:&quot;self&quot;,&quot;href&quot;:&quot;http://34.223.219.142:1212/ords/hr/regions/11123&quot;}]},{&quot;region_id&quot;:23687,&quot;region_name&quot;:&quot;NOT Murodil&#039;s Region&quot;,&quot;links&quot;:[{&quot;rel&quot;:&quot;self&quot;,&quot;href&quot;:&quot;http://34.223.219.142:1212/ords/hr/regions/23687&quot;}]},{&quot;region_id&quot;:-304652931,&quot;region_name&quot;:&quot;NOT Murodil&#039;s Region&quot;,&quot;links&quot;:[{&quot;rel&quot;:&quot;self&quot;,&quot;href&quot;:&quot;http://34.223.219.142:1212/ords/hr/regions/-304652931&quot;}]},{&quot;region_id&quot;:4899,&quot;region_name&quot;:&quot;NOT Murodil&#039;s Region&quot;,&quot;links&quot;:[{&quot;rel&quot;:&quot;self&quot;,&quot;href&quot;:&quot;http://34.223.219.142:1212/ords/hr/regions/4899&quot;}]},{&quot;region_id&quot;:101131,&quot;region_name&quot;:&quot;NOT Murodil&#039;s Region&quot;,&quot;links&quot;:[{&quot;rel&quot;:&quot;self&quot;,&quot;href&quot;:&quot;http://34.223.219.142:1212/ords/hr/regions/101131&quot;}]},{&quot;region_id&quot;:9569,&quot;region_name&quot;:&quot;NOT Murodil&#039;s Region&quot;,&quot;links&quot;:[{&quot;rel&quot;:&quot;self&quot;,&quot;href&quot;:&quot;http://34.223.219.142:1212/ords/hr/regions/9569&quot;}]},{&quot;region_id&quot;:203,&quot;region_name&quot;:&quot;NOT Murodil&#039;s Region&quot;,&quot;links&quot;:[{&quot;rel&quot;:&quot;self&quot;,&quot;href&quot;:&quot;http://34.223.219.142:1212/ords/hr/regions/203&quot;}]},{&quot;region_id&quot;:333333,&quot;region_name&quot;:&quot;NOT Murodil&#039;s Region&quot;,&quot;links&quot;:[{&quot;rel&quot;:&quot;self&quot;,&quot;href&quot;:&quot;http://34.223.219.142:1212/ords/hr/regions/333333&quot;}]},{&quot;region_id&quot;:10352,&quot;region_name&quot;:&quot;NOT Murodil&#039;s Region&quot;,&quot;links&quot;:[{&quot;rel&quot;:&quot;self&quot;,&quot;href&quot;:&quot;http://34.223.219.142:1212/ords/hr/regions/10352&quot;}]},{&quot;region_id&quot;:954914,&quot;region_name&quot;:&quot;NOT Murodil&#039;s Region&quot;,&quot;links&quot;:[{&quot;rel&quot;:&quot;self&quot;,&quot;href&quot;:&quot;http://34.223.219.142:1212/ords/hr/regions/954914&quot;}]},{&quot;region_id&quot;:23726,&quot;region_name&quot;:&quot;NOT Murodil&#039;s Region&quot;,&quot;links&quot;:[{&quot;rel&quot;:&quot;self&quot;,&quot;href&quot;:&quot;http://34.223.219.142:1212/ords/hr/regions/23726&quot;}]}],&quot;hasMore&quot;:true,&quot;limit&quot;:25,&quot;offset&quot;:0,&quot;count&quot;:25,&quot;links&quot;:[{&quot;rel&quot;:&quot;self&quot;,&quot;href&quot;:&quot;http://34.223.219.142:1212/ords/hr/regions/&quot;},{&quot;rel&quot;:&quot;edit&quot;,&quot;href&quot;:&quot;http://34.223.219.142:1212/ords/hr/regions/&quot;},{&quot;rel&quot;:&quot;describedby&quot;,&quot;href&quot;:&quot;http://34.223.219.142:1212/ords/hr/metadata-catalog/regions/&quot;},{&quot;rel&quot;:&quot;first&quot;,&quot;href&quot;:&quot;http://34.223.219.142:1212/ords/hr/regions/&quot;},{&quot;rel&quot;:&quot;next&quot;,&quot;href&quot;:&quot;http://34.223.219.142:1212/ords/hr/regions/?offset=25&quot;}]}; line: 1, column: 11] (through reference chain: com.app.stepDefs.api.RestAPIPost[&quot;items&quot;])">
      <![CDATA[com.fasterxml.jackson.databind.exc.UnrecognizedPropertyException: Unrecognized field "items" (class com.app.stepDefs.api.RestAPIPost), not marked as ignorable (0 known properties: ])
 at [Source: {"items":[{"region_id":11111,"region_name":"NOT Murodil's Region","links":[{"rel":"self","href":"http://34.223.219.142:1212/ords/hr/regions/11111"}]},{"region_id":111111,"region_name":"NOT Murodil's Region","links":[{"rel":"self","href":"http://34.223.219.142:1212/ords/hr/regions/111111"}]},{"region_id":101,"region_name":"NOT Murodil's Region","links":[{"rel":"self","href":"http://34.223.219.142:1212/ords/hr/regions/101"}]},{"region_id":214899,"region_name":"NOT Murodil's Region","links":[{"rel":"self","href":"http://34.223.219.142:1212/ords/hr/regions/214899"}]},{"region_id":349,"region_name":"NOT Murodil's Region","links":[{"rel":"self","href":"http://34.223.219.142:1212/ords/hr/regions/349"}]},{"region_id":1111,"region_name":"NOT Murodil's Region","links":[{"rel":"self","href":"http://34.223.219.142:1212/ords/hr/regions/1111"}]},{"region_id":61,"region_name":"NOT Murodil's Region","links":[{"rel":"self","href":"http://34.223.219.142:1212/ords/hr/regions/61"}]},{"region_id":1555,"region_name":"NOT Murodil's Region","links":[{"rel":"self","href":"http://34.223.219.142:1212/ords/hr/regions/1555"}]},{"region_id":4023,"region_name":"NOT Murodil's Region","links":[{"rel":"self","href":"http://34.223.219.142:1212/ords/hr/regions/4023"}]},{"region_id":1110,"region_name":"NOT Murodil's Region","links":[{"rel":"self","href":"http://34.223.219.142:1212/ords/hr/regions/1110"}]},{"region_id":2301,"region_name":"NOT Murodil's Region","links":[{"rel":"self","href":"http://34.223.219.142:1212/ords/hr/regions/2301"}]},{"region_id":25642,"region_name":"NOT Murodil's Region","links":[{"rel":"self","href":"http://34.223.219.142:1212/ords/hr/regions/25642"}]},{"region_id":232323,"region_name":"NOT Murodil's Region","links":[{"rel":"self","href":"http://34.223.219.142:1212/ords/hr/regions/232323"}]},{"region_id":55153,"region_name":"NOT Murodil's Region","links":[{"rel":"self","href":"http://34.223.219.142:1212/ords/hr/regions/55153"}]},{"region_id":11123,"region_name":"NOT Murodil's Region","links":[{"rel":"self","href":"http://34.223.219.142:1212/ords/hr/regions/11123"}]},{"region_id":23687,"region_name":"NOT Murodil's Region","links":[{"rel":"self","href":"http://34.223.219.142:1212/ords/hr/regions/23687"}]},{"region_id":-304652931,"region_name":"NOT Murodil's Region","links":[{"rel":"self","href":"http://34.223.219.142:1212/ords/hr/regions/-304652931"}]},{"region_id":4899,"region_name":"NOT Murodil's Region","links":[{"rel":"self","href":"http://34.223.219.142:1212/ords/hr/regions/4899"}]},{"region_id":101131,"region_name":"NOT Murodil's Region","links":[{"rel":"self","href":"http://34.223.219.142:1212/ords/hr/regions/101131"}]},{"region_id":9569,"region_name":"NOT Murodil's Region","links":[{"rel":"self","href":"http://34.223.219.142:1212/ords/hr/regions/9569"}]},{"region_id":203,"region_name":"NOT Murodil's Region","links":[{"rel":"self","href":"http://34.223.219.142:1212/ords/hr/regions/203"}]},{"region_id":333333,"region_name":"NOT Murodil's Region","links":[{"rel":"self","href":"http://34.223.219.142:1212/ords/hr/regions/333333"}]},{"region_id":10352,"region_name":"NOT Murodil's Region","links":[{"rel":"self","href":"http://34.223.219.142:1212/ords/hr/regions/10352"}]},{"region_id":954914,"region_name":"NOT Murodil's Region","links":[{"rel":"self","href":"http://34.223.219.142:1212/ords/hr/regions/954914"}]},{"region_id":23726,"region_name":"NOT Murodil's Region","links":[{"rel":"self","href":"http://34.223.219.142:1212/ords/hr/regions/23726"}]}],"hasMore":true,"limit":25,"offset":0,"count":25,"links":[{"rel":"self","href":"http://34.223.219.142:1212/ords/hr/regions/"},{"rel":"edit","href":"http://34.223.219.142:1212/ords/hr/regions/"},{"rel":"describedby","href":"http://34.223.219.142:1212/ords/hr/metadata-catalog/regions/"},{"rel":"first","href":"http://34.223.219.142:1212/ords/hr/regions/"},{"rel":"next","href":"http://34.223.219.142:1212/ords/hr/regions/?offset=25"}]}; line: 1, column: 11] (through reference chain: com.app.stepDefs.api.RestAPIPost["items"])
	at com.fasterxml.jackson.databind.exc.UnrecognizedPropertyException.from(UnrecognizedPropertyException.java:62)
	at com.fasterxml.jackson.databind.DeserializationContext.handleUnknownProperty(DeserializationContext.java:834)
	at com.fasterxml.jackson.databind.deser.std.StdDeserializer.handleUnknownProperty(StdDeserializer.java:1093)
	at com.fasterxml.jackson.databind.deser.BeanDeserializerBase.handleUnknownProperty(BeanDeserializerBase.java:1477)
	at com.fasterxml.jackson.databind.deser.BeanDeserializerBase.handleUnknownVanilla(BeanDeserializerBase.java:1455)
	at com.fasterxml.jackson.databind.deser.BeanDeserializer.vanillaDeserialize(BeanDeserializer.java:282)
	at com.fasterxml.jackson.databind.deser.BeanDeserializer.deserialize(BeanDeserializer.java:140)
	at com.fasterxml.jackson.databind.ObjectMapper._readMapAndClose(ObjectMapper.java:3798)
	at com.fasterxml.jackson.databind.ObjectMapper.readValue(ObjectMapper.java:2880)
	at com.fasterxml.jackson.databind.ObjectMapper$readValue$0.call(Unknown Source)
	at org.codehaus.groovy.runtime.callsite.CallSiteArray.defaultCall(CallSiteArray.java:48)
	at org.codehaus.groovy.runtime.callsite.AbstractCallSite.call(AbstractCallSite.java:113)
	at org.codehaus.groovy.runtime.callsite.AbstractCallSite.call(AbstractCallSite.java:133)
	at io.restassured.internal.path.json.mapping.JsonPathJackson2ObjectDeserializer.deserialize(JsonPathJackson2ObjectDeserializer.groovy:45)
	at io.restassured.path.json.mapping.JsonPathObjectDeserializer$deserialize.call(Unknown Source)
	at org.codehaus.groovy.runtime.callsite.CallSiteArray.defaultCall(CallSiteArray.java:48)
	at org.codehaus.groovy.runtime.callsite.AbstractCallSite.call(AbstractCallSite.java:113)
	at org.codehaus.groovy.runtime.callsite.AbstractCallSite.call(AbstractCallSite.java:125)
	at io.restassured.internal.mapping.Jackson2Mapper.deserialize(Jackson2Mapper.groovy:58)
	at io.restassured.mapper.ObjectMapper$deserialize.call(Unknown Source)
	at org.codehaus.groovy.runtime.callsite.CallSiteArray.defaultCall(CallSiteArray.java:48)
	at org.codehaus.groovy.runtime.callsite.AbstractCallSite.call(AbstractCallSite.java:113)
	at org.codehaus.groovy.runtime.callsite.AbstractCallSite.call(AbstractCallSite.java:125)
	at io.restassured.internal.mapping.ObjectMapping.parseWithJackson2(ObjectMapping.groovy:202)
	at io.restassured.internal.mapping.ObjectMapping$parseWithJackson2$0.callStatic(Unknown Source)
	at org.codehaus.groovy.runtime.callsite.CallSiteArray.defaultCallStatic(CallSiteArray.java:56)
	at org.codehaus.groovy.runtime.callsite.AbstractCallSite.callStatic(AbstractCallSite.java:194)
	at org.codehaus.groovy.runtime.callsite.AbstractCallSite.callStatic(AbstractCallSite.java:214)
	at io.restassured.internal.mapping.ObjectMapping.deserialize(ObjectMapping.groovy:55)
	at io.restassured.internal.mapping.ObjectMapping$deserialize.call(Unknown Source)
	at org.codehaus.groovy.runtime.callsite.CallSiteArray.defaultCall(CallSiteArray.java:48)
	at org.codehaus.groovy.runtime.callsite.AbstractCallSite.call(AbstractCallSite.java:113)
	at io.restassured.internal.RestAssuredResponseOptionsGroovyImpl.as(RestAssuredResponseOptionsGroovyImpl.groovy:222)
	at io.restassured.internal.RestAssuredResponseOptionsImpl.as(RestAssuredResponseOptionsImpl.java:164)
	at com.app.tests.APIDAY4RECAPPING.rep(APIDAY4RECAPPING.java:63)
	at sun.reflect.NativeMethodAccessorImpl.invoke0(Native Method)
	at sun.reflect.NativeMethodAccessorImpl.invoke(NativeMethodAccessorImpl.java:62)
	at sun.reflect.DelegatingMethodAccessorImpl.invoke(DelegatingMethodAccessorImpl.java:43)
	at java.lang.reflect.Method.invoke(Method.java:498)
	at org.testng.internal.MethodInvocationHelper.invokeMethod(MethodInvocationHelper.java:104)
	at org.testng.internal.Invoker.invokeMethod(Invoker.java:645)
	at org.testng.internal.Invoker.invokeTestMethod(Invoker.java:851)
	at org.testng.internal.Invoker.invokeTestMethods(Invoker.java:1177)
	at org.testng.internal.TestMethodWorker.invokeTestMethods(TestMethodWorker.java:129)
	at org.testng.internal.TestMethodWorker.run(TestMethodWorker.java:112)
	at org.testng.TestRunner.privateRun(TestRunner.java:756)
	at org.testng.TestRunner.run(TestRunner.java:610)
	at org.testng.SuiteRunner.runTest(SuiteRunner.java:387)
	at org.testng.SuiteRunner.runSequentially(SuiteRunner.java:382)
	at org.testng.SuiteRunner.privateRun(SuiteRunner.java:340)
	at org.testng.SuiteRunner.run(SuiteRunner.java:289)
	at org.testng.SuiteRunnerWorker.runSuite(SuiteRunnerWorker.java:52)
	at org.testng.SuiteRunnerWorker.run(SuiteRunnerWorker.java:86)
	at org.testng.TestNG.runSuitesSequentially(TestNG.java:1293)
	at org.testng.TestNG.runSuitesLocally(TestNG.java:1218)
	at org.testng.TestNG.runSuites(TestNG.java:1133)
	at org.testng.TestNG.run(TestNG.java:1104)
	at org.testng.remote.AbstractRemoteTestNG.run(AbstractRemoteTestNG.java:114)
	at org.testng.remote.RemoteTestNG.initAndRun(RemoteTestNG.java:251)
	at org.testng.remote.RemoteTestNG.main(RemoteTestNG.java:77)
]]>
    </error>
  </testcase> <!-- rep -->
</testsuite> <!-- com.app.tests.APIDAY4RECAPPING -->
