<?xml version="1.0" encoding="UTF-8"?>
<!-- Generated by org.testng.reporters.JUnitReportReporter -->
<testsuite name="com.app.tests.APIday5CucumberRestAssured" tests="1" time="3.802" ignored="0" failures="0" timestamp="25 Apr 2018 00:59:10 GMT" skipped="0" hostname="MSI" errors="0">
  <testcase name="test1" time="3.802" classname="com.app.tests.APIday5CucumberRestAssured"/>
</testsuite> <!-- com.app.tests.APIday5CucumberRestAssured -->
