<?xml version="1.0" encoding="UTF-8"?>
<!-- Generated by org.testng.reporters.JUnitReportReporter -->
<testsuite name="com.app.runners.practice" tests="1" time="13.676" ignored="0" failures="0" timestamp="08 Apr 2018 22:32:06 GMT" skipped="0" hostname="MSI" errors="0">
  <testcase name="test" time="13.676" classname="com.app.runners.practice"/>
</testsuite> <!-- com.app.runners.practice -->
