<?xml version="1.0" encoding="UTF-8"?>
<!-- Generated by org.testng.reporters.JUnitReportReporter -->
<testsuite name="com.app.tests.APIDay4RestAssured" tests="1" time="4.175" ignored="2" failures="0" timestamp="01 May 2018 04:45:34 GMT" skipped="0" hostname="MSI" errors="0">
  <testcase name="postCountryUsingPojo" time="4.175" classname="com.app.tests.APIDay4RestAssured"/>
  <testcase name="postUsingPOJO" classname="com.app.tests.APIDay4RestAssured">
    <skipped/>
  </testcase> <!-- postUsingPOJO -->
  <testcase name="usintPojo" classname="com.app.tests.APIDay4RestAssured">
    <skipped/>
  </testcase> <!-- usintPojo -->
</testsuite> <!-- com.app.tests.APIDay4RestAssured -->
